Performing C SOURCE FILE Test CMAKE_HAVE_LIBC_PTHREAD failed with the following output:
Change Dir: /afs/cern.ch/user/a/ahau/Par04/CMakeFiles/CMakeTmp

Run Build Command(s):/usr/bin/gmake -f Makefile cmTC_7bd0f/fast && /usr/bin/gmake  -f CMakeFiles/cmTC_7bd0f.dir/build.make CMakeFiles/cmTC_7bd0f.dir/build
gmake[1]: Entering directory `/afs/cern.ch/user/a/ahau/Par04/CMakeFiles/CMakeTmp'
Building C object CMakeFiles/cmTC_7bd0f.dir/src.c.o
/cvmfs/sft.cern.ch/lcg/releases/gcc/10.3.0-f5826/x86_64-centos7/bin/gcc -DCMAKE_HAVE_LIBC_PTHREAD   -o CMakeFiles/cmTC_7bd0f.dir/src.c.o -c /afs/cern.ch/user/a/ahau/Par04/CMakeFiles/CMakeTmp/src.c
Linking C executable cmTC_7bd0f
/cvmfs/sft.cern.ch/lcg/releases/CMake/3.20.0-790a8/x86_64-centos7-gcc10-opt/bin/cmake -E cmake_link_script CMakeFiles/cmTC_7bd0f.dir/link.txt --verbose=1
/cvmfs/sft.cern.ch/lcg/releases/gcc/10.3.0-f5826/x86_64-centos7/bin/gcc CMakeFiles/cmTC_7bd0f.dir/src.c.o -o cmTC_7bd0f 
/cvmfs/sft.cern.ch/lcg/releases/binutils/2.36.1-a9696/x86_64-centos7/bin/ld: CMakeFiles/cmTC_7bd0f.dir/src.c.o: in function `main':
src.c:(.text+0x2d): undefined reference to `pthread_create'
/cvmfs/sft.cern.ch/lcg/releases/binutils/2.36.1-a9696/x86_64-centos7/bin/ld: src.c:(.text+0x39): undefined reference to `pthread_detach'
/cvmfs/sft.cern.ch/lcg/releases/binutils/2.36.1-a9696/x86_64-centos7/bin/ld: src.c:(.text+0x45): undefined reference to `pthread_cancel'
/cvmfs/sft.cern.ch/lcg/releases/binutils/2.36.1-a9696/x86_64-centos7/bin/ld: src.c:(.text+0x56): undefined reference to `pthread_join'
/cvmfs/sft.cern.ch/lcg/releases/binutils/2.36.1-a9696/x86_64-centos7/bin/ld: src.c:(.text+0x6a): undefined reference to `pthread_atfork'
collect2: error: ld returned 1 exit status
gmake[1]: *** [cmTC_7bd0f] Error 1
gmake[1]: Leaving directory `/afs/cern.ch/user/a/ahau/Par04/CMakeFiles/CMakeTmp'
gmake: *** [cmTC_7bd0f/fast] Error 2


Source file was:
#include <pthread.h>

static void* test_func(void* data)
{
  return data;
}

int main(void)
{
  pthread_t thread;
  pthread_create(&thread, NULL, test_func, NULL);
  pthread_detach(thread);
  pthread_cancel(thread);
  pthread_join(thread, NULL);
  pthread_atfork(NULL, NULL, NULL);
  pthread_exit(NULL);

  return 0;
}

